Passwd is not setup
2021-07-13T08:54:23.672Z	[33mWARN[0m	peermgr	peermgr/peermgr.go:217	failed to connect to bootstrap peer: failed to dial 12D3KooWMAQi4qTg69a683R1Dvz2XzKhjTCHq8uuwd5PkhM45vff: all dials failed
  * [/ip4/47.100.8.99/tcp/8911] dial tcp4 47.100.8.99:8911: connect: connection refused
2021-07-13T08:54:23.825Z	[33mWARN[0m	chain	chain/sync.go:1418	(fork detected) synced header chain ([bafy2bzacec6hlcnvauybak2ufulchqw2rmtrsegzbmhb5ahl7ubdyrmp3d572] - 741058) does not link to our best block ([bafy2bzacedidj73deggl2nyiy5tbvifl2mpcuqvn3s5ozyecc6xaftwmflsvw bafy2bzaceaurxb7bwzeeykrqspabs7hlo3pkelrygwn4ho57rnaiklrksbkoo bafy2bzacedi2jjfr4j5olehfu2brw2d4wg64j6typvq4a35wsom6s4e4ilyyg bafy2bzaceafqdrhywqxaqgda3nsd2ixchxudvpvgb7yxez3r4t4gpc45dp74a bafy2bzacebpmohu56kfyvyuf6aj7aodqp5r6fafcm44koadt3jnrohjru5oqg bafy2bzaceciurvmydmwu2chdx57kky34sc3jcrsafoamilz5xp4grc7trm4f6] - 741057)
2021-07-13T08:54:23.982Z	[33mWARN[0m	peermgr	peermgr/peermgr.go:217	failed to connect to bootstrap peer: failed to dial 12D3KooWAqPupTLMu1Z6dcw5pLH5JcBNowiKiggXRzikQHGuehfP: all dials failed
  * [/ip4/47.88.102.57/tcp/8911] dial tcp4 47.88.102.57:8911: connect: connection refused
2021-07-13T08:54:40.036Z	[33mWARN[0m	events	events/tscache.go:137	tipSetCache.get: requested tipset not in cache, requesting from storage (h=741056; tail=741057)
2021-07-13T08:54:40.037Z	[33mWARN[0m	events	events/tscache.go:137	tipSetCache.get: requested tipset not in cache, requesting from storage (h=741056; tail=741057)
2021-07-13T08:54:40.036Z	[33mWARN[0m	events	events/tscache.go:137	tipSetCache.get: requested tipset not in cache, requesting from storage (h=741056; tail=741057)
2021-07-13T08:54:40.037Z	[33mWARN[0m	events	events/tscache.go:137	tipSetCache.get: requested tipset not in cache, requesting from storage (h=741056; tail=741057)
2021-07-13T08:55:00.113Z	[33mWARN[0m	chain	chain/sync.go:1418	(fork detected) synced header chain ([bafy2bzacea6cyyvttss4eagz52dafzwy35uhpqovqvhwkr6bovcdophrcvdse] - 741060) does not link to our best block ([bafy2bzacecyiva7abscyxgbg6qhusi7ugb5rvjv57jcovgsyihangcdmvhlwc] - 741059)
Passwd is not setup
2021-07-13T08:57:13.640Z	[33mWARN[0m	sub	sub/incoming.go:100	Received block with large delay 163 from miner f01010
Passwd is not setup
2021-07-13T08:59:39.151Z	[33mWARN[0m	sub	sub/incoming.go:100	Received block with large delay 99 from miner f02573
2021-07-13T08:59:43.125Z	[33mWARN[0m	sub	sub/incoming.go:100	Received block with large delay 43 from miner f02954
2021-07-13T09:04:47.869Z	[33mWARN[0m	hello	hello/hello.go:102	other peer hasnt completed libp2p identify, waiting a bit
2021-07-13T09:05:46.802Z	[33mWARN[0m	sub	sub/incoming.go:100	Received block with large delay 826 from miner f01684
2021-07-13T09:06:59.527Z	[33mWARN[0m	chain	chain/sync.go:758	Got block from the future, but within threshold1626167220 1626167219
2021-07-13T09:07:36.924Z	[33mWARN[0m	sub	sub/incoming.go:100	Received block with large delay 6 from miner f03643
2021-07-13T09:08:01.722Z	[33mWARN[0m	chain	chain/sync.go:1418	(fork detected) synced header chain ([bafy2bzaceafnjisjlhq35z2udyguqxzwwro6hf2lo7crvspwxezmdfsw6aw5m] - 741086) does not link to our best block ([bafy2bzacec22jk5i7ss63usp5qmu3ckkpeby2doycoztyg67mc3ekol34ma7g bafy2bzacebd74irn3m4q6wq4kqmuy7kvnhubgrzlov6xs6y4s4hpxyncmtnei bafy2bzaceanjyaiclyjsaj4rwsgm4eolefqxkjo64qcrhnxbfunm6go7pwvhq bafy2bzacebe4kpahhbdr377dj4izwi36hrwpqrxlz53nvztesaz7vbljw3524 bafy2bzacea2wmzkd5nq5rrr2n3jsqbazlen7ekcy4k6gtimxjhimejakiesgo bafy2bzaced2lhdrrvsmy2u7j32ckn5rzij27nzl4vkfxxvmbq5y47iojsmo46] - 741085)
2021-07-13T09:08:02.375Z	[33mWARN[0m	chain	chain/sync.go:1418	(fork detected) synced header chain ([bafy2bzacedzcqqhyl2hd6rhxt7kdap6feqnhios4z7yvaqd27enugrzeit7sq] - 741086) does not link to our best block ([bafy2bzacec22jk5i7ss63usp5qmu3ckkpeby2doycoztyg67mc3ekol34ma7g bafy2bzacebd74irn3m4q6wq4kqmuy7kvnhubgrzlov6xs6y4s4hpxyncmtnei bafy2bzaceanjyaiclyjsaj4rwsgm4eolefqxkjo64qcrhnxbfunm6go7pwvhq bafy2bzacebe4kpahhbdr377dj4izwi36hrwpqrxlz53nvztesaz7vbljw3524 bafy2bzacea2wmzkd5nq5rrr2n3jsqbazlen7ekcy4k6gtimxjhimejakiesgo bafy2bzaced2lhdrrvsmy2u7j32ckn5rzij27nzl4vkfxxvmbq5y47iojsmo46] - 741085)
2021-07-13T09:08:02.379Z	[33mWARN[0m	chain	chain/sync.go:1418	(fork detected) synced header chain ([bafy2bzaceczrly6ogk5hwogixlcx5r3m2dsgj5tlx7ihwablon2fzlswwoguq] - 741086) does not link to our best block ([bafy2bzacec22jk5i7ss63usp5qmu3ckkpeby2doycoztyg67mc3ekol34ma7g bafy2bzacebd74irn3m4q6wq4kqmuy7kvnhubgrzlov6xs6y4s4hpxyncmtnei bafy2bzaceanjyaiclyjsaj4rwsgm4eolefqxkjo64qcrhnxbfunm6go7pwvhq bafy2bzacebe4kpahhbdr377dj4izwi36hrwpqrxlz53nvztesaz7vbljw3524 bafy2bzacea2wmzkd5nq5rrr2n3jsqbazlen7ekcy4k6gtimxjhimejakiesgo bafy2bzaced2lhdrrvsmy2u7j32ckn5rzij27nzl4vkfxxvmbq5y47iojsmo46] - 741085)
2021-07-13T09:08:02.380Z	[33mWARN[0m	chain	chain/sync.go:1418	(fork detected) synced header chain ([bafy2bzacecipqeu3o6vdylem2gdjwqc53mujfxmwt3wqtex5hdohotskw4azc] - 741086) does not link to our best block ([bafy2bzacec22jk5i7ss63usp5qmu3ckkpeby2doycoztyg67mc3ekol34ma7g bafy2bzacebd74irn3m4q6wq4kqmuy7kvnhubgrzlov6xs6y4s4hpxyncmtnei bafy2bzaceanjyaiclyjsaj4rwsgm4eolefqxkjo64qcrhnxbfunm6go7pwvhq bafy2bzacebe4kpahhbdr377dj4izwi36hrwpqrxlz53nvztesaz7vbljw3524 bafy2bzacea2wmzkd5nq5rrr2n3jsqbazlen7ekcy4k6gtimxjhimejakiesgo bafy2bzaced2lhdrrvsmy2u7j32ckn5rzij27nzl4vkfxxvmbq5y47iojsmo46] - 741085)
2021-07-13T09:08:28.972Z	[33mWARN[0m	sub	sub/incoming.go:100	Received block with large delay 28 from miner f02894
2021-07-13T09:08:31.728Z	[33mWARN[0m	chain	chain/sync.go:1418	(fork detected) synced header chain ([bafy2bzaceacaxbejkxht6bekzha6zcqkvb2limov7p4figruwq6j33acs3ync] - 741087) does not link to our best block ([bafy2bzacebrnt7emuxtftd35cns3uriqharuvgrvp5umzbkjadamvzr5g7z26 bafy2bzaceafnjisjlhq35z2udyguqxzwwro6hf2lo7crvspwxezmdfsw6aw5m bafy2bzaceczrly6ogk5hwogixlcx5r3m2dsgj5tlx7ihwablon2fzlswwoguq bafy2bzacedzcqqhyl2hd6rhxt7kdap6feqnhios4z7yvaqd27enugrzeit7sq bafy2bzacecipqeu3o6vdylem2gdjwqc53mujfxmwt3wqtex5hdohotskw4azc] - 741086)
2021-07-13T09:08:32.351Z	[33mWARN[0m	chain	chain/sync.go:1418	(fork detected) synced header chain ([bafy2bzacedkpa2jlkmjtdbwyv4q75tldmi5fkx5ypsyg5jawyr3o2y5xuhjls] - 741087) does not link to our best block ([bafy2bzacebrnt7emuxtftd35cns3uriqharuvgrvp5umzbkjadamvzr5g7z26 bafy2bzaceafnjisjlhq35z2udyguqxzwwro6hf2lo7crvspwxezmdfsw6aw5m bafy2bzaceczrly6ogk5hwogixlcx5r3m2dsgj5tlx7ihwablon2fzlswwoguq bafy2bzacedzcqqhyl2hd6rhxt7kdap6feqnhios4z7yvaqd27enugrzeit7sq bafy2bzacecipqeu3o6vdylem2gdjwqc53mujfxmwt3wqtex5hdohotskw4azc] - 741086)
2021-07-13T09:08:34.184Z	[33mWARN[0m	chain	chain/sync.go:1418	(fork detected) synced header chain ([bafy2bzacedjokgigommfz36ofurrpeiyzw333a6p3r4rfutaa7zljcoibpksa] - 741087) does not link to our best block ([bafy2bzacedkpa2jlkmjtdbwyv4q75tldmi5fkx5ypsyg5jawyr3o2y5xuhjls] - 741087)
2021-07-13T09:08:35.407Z	[31mERROR[0m	chainstore	store/store.go:385	weight draw	{"currTs": "[bafy2bzacedkpa2jlkmjtdbwyv4q75tldmi5fkx5ypsyg5jawyr3o2y5xuhjls]", "ts": "[bafy2bzacedjokgigommfz36ofurrpeiyzw333a6p3r4rfutaa7zljcoibpksa]"}
2021-07-13T09:08:39.661Z	[33mWARN[0m	sub	sub/incoming.go:100	Received block with large delay 9 from miner f03279
2021-07-13T09:08:42.327Z	[33mWARN[0m	sub	sub/incoming.go:100	Received block with large delay 12 from miner f01085
2021-07-13T09:08:42.875Z	[33mWARN[0m	chainxchg	exchange/client.go:119	could not send request to peer 12D3KooWKuArGJ93MdM4ZWhtez4cUMdFBLVKExQcQ2zUowTbomC3: failed to read chainxchg response: i/o deadline reached
2021-07-13T09:08:51.232Z	[33mWARN[0m	sub	sub/incoming.go:100	Received block with large delay 51 from miner f03643
2021-07-13T09:09:03.972Z	[33mWARN[0m	chain	chain/sync.go:1418	(fork detected) synced header chain ([bafy2bzaceb7nf4s73yoebvqi5egodjowx62qacmo5gxe6heb57bcaggx3kse4] - 741088) does not link to our best block ([bafy2bzacedkpa2jlkmjtdbwyv4q75tldmi5fkx5ypsyg5jawyr3o2y5xuhjls] - 741087)
2021-07-13T09:09:15.781Z	[33mWARN[0m	sub	sub/incoming.go:100	Received block with large delay 15 from miner f01684
2021-07-13T09:09:15.804Z	[33mWARN[0m	chain	chain/sync.go:1418	(fork detected) synced header chain ([bafy2bzaceclna22xrr6psfqti5q5g3vkazrvadpqlqsnnshyurknwxb7o6mqy] - 741088) does not link to our best block ([bafy2bzacedkpa2jlkmjtdbwyv4q75tldmi5fkx5ypsyg5jawyr3o2y5xuhjls] - 741087)
2021-07-13T09:09:37.287Z	[33mWARN[0m	sub	sub/incoming.go:100	Received block with large delay 7 from miner f02930
2021-07-13T09:09:40.068Z	[33mWARN[0m	chainxchg	exchange/client.go:119	could not send request to peer 12D3KooWFE5TZk8BANmY6w3WXD2gPfbfkaRnZNFtao1unaXYg47E: failed to read chainxchg response: reading cid field t.Parents failed: i/o deadline reached
2021-07-13T09:09:42.018Z	[33mWARN[0m	chain	chain/sync.go:1418	(fork detected) synced header chain ([bafy2bzacecqa4xryynn4dycs2ecmljxnj3ni57x575yy6kundbzup6zdvgfwe] - 741089) does not link to our best block ([bafy2bzaceclna22xrr6psfqti5q5g3vkazrvadpqlqsnnshyurknwxb7o6mqy] - 741088)
2021-07-13T09:10:00.172Z	[33mWARN[0m	chain	chain/sync.go:1418	(fork detected) synced header chain ([bafy2bzacebvjscm4vv4gf2xpyq75jcbngjxw5mlc24jxeg236gyhtkkkledy2] - 741090) does not link to our best block ([bafy2bzacecqa4xryynn4dycs2ecmljxnj3ni57x575yy6kundbzup6zdvgfwe] - 741089)
2021-07-13T09:10:12.857Z	[33mWARN[0m	sub	sub/incoming.go:100	Received block with large delay 12 from miner f02894
2021-07-13T09:10:15.242Z	[33mWARN[0m	chainxchg	exchange/client.go:119	could not send request to peer 12D3KooWJUpkJzYmN7nKBWzaWz5yb2rffkziisQmMT64p5sBgqvr: failed to read chainxchg response: i/o deadline reached
2021-07-13T09:17:44.098Z	[33mWARN[0m	sub	sub/incoming.go:100	Received block with large delay 44 from miner f02329
2021-07-13T09:18:22.780Z	[33mWARN[0m	sub	sub/incoming.go:100	Received block with large delay 172 from miner f02505
2021-07-13T09:19:59.922Z	[33mWARN[0m	sub	sub/incoming.go:100	Received block with large delay 749 from miner f01684
2021-07-13T09:23:08.931Z	[33mWARN[0m	sub	sub/incoming.go:100	Received block with large delay 158 from miner f01299
2021-07-13T09:23:51.516Z	[33mWARN[0m	sub	sub/incoming.go:100	Received block with large delay 21 from miner f02573
2021-07-13T09:24:01.236Z	[33mWARN[0m	chain	chain/sync.go:1418	(fork detected) synced header chain ([bafy2bzacedfgp5zjjnpk4ty47xcjmmkztvxshvwftjcidyawarrjfrceorsfm] - 741118) does not link to our best block ([bafy2bzacedkriypjbayulozkczmm2vmj6c2uufb6tmohvx54mo4dde5uyi4ee bafy2bzaceaqyowaslirxzgkkhickdp3v3qnfdbtpogdquzee6u4dwtmniqkhk bafy2bzaceas5z5w42xf7rwcvwijhjaumgtijgsw6foxx7yqp43cwosnirdcy6 bafy2bzacech5zyjewiticcaxtekox3gk55rloupzis7vpc5leum3wkkrjw7vc bafy2bzaceczmaoftwpklz5cgemzc2wjrnvehyuqh6v6zmfr3vl77lvleuloza bafy2bzacedy4ud6vrn6f2x2ob5fsa345hkptfukfxuzv4ybpqbmurw5olugf6] - 741117)
2021-07-13T09:24:01.522Z	[33mWARN[0m	chain	chain/sync.go:1418	(fork detected) synced header chain ([bafy2bzacebtehdmrfimtfzpyisipahqccg66wotao6vfazardsmcth7ko6yck] - 741118) does not link to our best block ([bafy2bzacedkriypjbayulozkczmm2vmj6c2uufb6tmohvx54mo4dde5uyi4ee bafy2bzaceaqyowaslirxzgkkhickdp3v3qnfdbtpogdquzee6u4dwtmniqkhk bafy2bzaceas5z5w42xf7rwcvwijhjaumgtijgsw6foxx7yqp43cwosnirdcy6 bafy2bzacech5zyjewiticcaxtekox3gk55rloupzis7vpc5leum3wkkrjw7vc bafy2bzaceczmaoftwpklz5cgemzc2wjrnvehyuqh6v6zmfr3vl77lvleuloza bafy2bzacedy4ud6vrn6f2x2ob5fsa345hkptfukfxuzv4ybpqbmurw5olugf6] - 741117)
2021-07-13T09:24:01.895Z	[33mWARN[0m	chain	chain/sync.go:1418	(fork detected) synced header chain ([bafy2bzacea6xji35e6s2d5swucbyubeneelxqrzpkjhtgmavhznvz2eq4gjyi] - 741118) does not link to our best block ([bafy2bzacedkriypjbayulozkczmm2vmj6c2uufb6tmohvx54mo4dde5uyi4ee bafy2bzaceaqyowaslirxzgkkhickdp3v3qnfdbtpogdquzee6u4dwtmniqkhk bafy2bzaceas5z5w42xf7rwcvwijhjaumgtijgsw6foxx7yqp43cwosnirdcy6 bafy2bzacech5zyjewiticcaxtekox3gk55rloupzis7vpc5leum3wkkrjw7vc bafy2bzaceczmaoftwpklz5cgemzc2wjrnvehyuqh6v6zmfr3vl77lvleuloza bafy2bzacedy4ud6vrn6f2x2ob5fsa345hkptfukfxuzv4ybpqbmurw5olugf6] - 741117)
2021-07-13T09:24:30.217Z	[33mWARN[0m	chain	chain/sync.go:1418	(fork detected) synced header chain ([bafy2bzaceb2a4x46a6p3hqj65imh3cetxdac5hernhkdegl7apecryb3auioy] - 741119) does not link to our best block ([bafy2bzacedfgp5zjjnpk4ty47xcjmmkztvxshvwftjcidyawarrjfrceorsfm bafy2bzacedlfywg7pnwwdyc6lrfee6b2hoinmdqwfxj62elj6a2tsf2iuh4tg bafy2bzacea6xji35e6s2d5swucbyubeneelxqrzpkjhtgmavhznvz2eq4gjyi] - 741118)
2021-07-13T09:25:37.497Z	[33mWARN[0m	sub	sub/incoming.go:100	Received block with large delay 37 from miner f02954
Passwd is not setup
Passwd is not setup
2021-07-13T09:28:37.762Z	[33mWARN[0m	sub	sub/incoming.go:100	Received block with large delay 7 from miner f02954
2021-07-13T09:29:01.340Z	[33mWARN[0m	chain	chain/sync.go:1418	(fork detected) synced header chain ([bafy2bzacednpzuz6qfftv3jccaemljq3oghqthrlrqtctgm4px2duyqf6dxwm] - 741128) does not link to our best block ([bafy2bzaceblxcyx5qzufwn4ye23oivvhcv4rnmehl7ngucnyed6t2o43xtglc bafy2bzacecx3z6igde3hq6wgmc3iq26dvp4qhctohjt43wkwwxejmt3hwd3sg bafy2bzacecu5wg4ubhppsn7r4z4lxnqclgfahrdb5uqwktpvg7ngrn5xwl6hu bafy2bzaceafkpcsegayt253sc274t2oceb4ghmborrdquygiwham2qw2twd6q bafy2bzacec2qpv33ce3y2byomcpolypbpxm5eblmehtg7amdgwjvf5nbgaoh6 bafy2bzaceaugtuevx37x2fz5ktazf5f6u5my6pbbm4dh2yqsszqnt2hl6neji bafy2bzacecujvvhqopc75o2p6rxq3u4kf7amgyr3he6c5yviwacvrll6rtkoa] - 741127)
2021-07-13T09:29:05.144Z	[33mWARN[0m	chain	chain/sync.go:1418	(fork detected) synced header chain ([bafy2bzacebnk43sswnojdmdfg6jfwh2glzbbrkieil4pamdap2vlti6xrpwai] - 741128) does not link to our best block ([bafy2bzaceblxcyx5qzufwn4ye23oivvhcv4rnmehl7ngucnyed6t2o43xtglc bafy2bzacecx3z6igde3hq6wgmc3iq26dvp4qhctohjt43wkwwxejmt3hwd3sg bafy2bzacecu5wg4ubhppsn7r4z4lxnqclgfahrdb5uqwktpvg7ngrn5xwl6hu bafy2bzaceafkpcsegayt253sc274t2oceb4ghmborrdquygiwham2qw2twd6q bafy2bzacec2qpv33ce3y2byomcpolypbpxm5eblmehtg7amdgwjvf5nbgaoh6 bafy2bzaceaugtuevx37x2fz5ktazf5f6u5my6pbbm4dh2yqsszqnt2hl6neji bafy2bzacecujvvhqopc75o2p6rxq3u4kf7amgyr3he6c5yviwacvrll6rtkoa] - 741127)
2021-07-13T09:29:15.692Z	[33mWARN[0m	sub	sub/incoming.go:100	Received block with large delay 15 from miner f02894
2021-07-13T09:29:30.844Z	[33mWARN[0m	chain	chain/sync.go:1418	(fork detected) synced header chain ([bafy2bzacebn6fs6mjxbln7iz26lxkox2hf66xeuq6uokilaecpczyjkwrrqdk] - 741129) does not link to our best block ([bafy2bzacedv5m4dzqaaqiyfce4hg6qvb7dv72kcgni5gphyzzqzeru5o7uhro bafy2bzacebnk43sswnojdmdfg6jfwh2glzbbrkieil4pamdap2vlti6xrpwai] - 741128)
Passwd is not setup
2021-07-13T09:29:32.107Z	[33mWARN[0m	chain	chain/sync.go:1418	(fork detected) synced header chain ([bafy2bzacea2mj46w7rvvxenhhrgpzoseip5e2bvryscjqieddwdq2t2vslqna] - 741129) does not link to our best block ([bafy2bzacedv5m4dzqaaqiyfce4hg6qvb7dv72kcgni5gphyzzqzeru5o7uhro bafy2bzacebnk43sswnojdmdfg6jfwh2glzbbrkieil4pamdap2vlti6xrpwai] - 741128)
2021-07-13T09:29:36.228Z	[33mWARN[0m	sub	sub/incoming.go:100	Received block with large delay 6 from miner f01684
Passwd is not setup
2021-07-13T09:29:48.858Z	[33mWARN[0m	sub	sub/incoming.go:100	Received block with large delay 18 from miner f03279
2021-07-13T09:30:01.617Z	[33mWARN[0m	chain	chain/sync.go:1418	(fork detected) synced header chain ([bafy2bzacebejynog5qvmrlhdxctwxrdaedvl2uc4dtteul2dwtlw4oparfrfy] - 741130) does not link to our best block ([bafy2bzacecql7dutlolu3smmd7ftoz7p4aw7bv3wfacmdxacr74cgbyenm2ve bafy2bzacebn6fs6mjxbln7iz26lxkox2hf66xeuq6uokilaecpczyjkwrrqdk bafy2bzacea2mj46w7rvvxenhhrgpzoseip5e2bvryscjqieddwdq2t2vslqna bafy2bzacecel3utvd5mk7yb3kluo5srm33hu4gpuxeupotrxvjqz3bghgvae4] - 741129)
2021-07-13T09:30:01.625Z	[33mWARN[0m	chain	chain/sync.go:1418	(fork detected) synced header chain ([bafy2bzacebyp72ru7amlvdl3ck4u6unibzv7hhwip63t4heq5schazenvxsq4] - 741130) does not link to our best block ([bafy2bzacecql7dutlolu3smmd7ftoz7p4aw7bv3wfacmdxacr74cgbyenm2ve bafy2bzacebn6fs6mjxbln7iz26lxkox2hf66xeuq6uokilaecpczyjkwrrqdk bafy2bzacea2mj46w7rvvxenhhrgpzoseip5e2bvryscjqieddwdq2t2vslqna bafy2bzacecel3utvd5mk7yb3kluo5srm33hu4gpuxeupotrxvjqz3bghgvae4] - 741129)
Passwd is not setup
Passwd is not setup
Passwd is not setup
Passwd is not setup
Passwd is not setup
Passwd is not setup
Passwd is not setup
2021-07-13T09:33:02.315Z	[33mWARN[0m	rpc	go-jsonrpc@v0.1.2/handler.go:279	error in RPC call to 'Filecoin.StateGetActor': resolution lookup failed (f3tclkjjyf7aqyae5obcoygsvuqtmzovdxwgmerym7amrw7apjbvdblznpbpzqu43emfy2dwinlfnkczvwwjwa):
    github.com/filecoin-project/lotus/chain/state.(*StateTree).GetActor
        /mnt/jenkins/workspace/FIC-Intel-Rel1.2_github/lotus/chain/state/statetree.go:285
  - resolve address f3tclkjjyf7aqyae5obcoygsvuqtmzovdxwgmerym7amrw7apjbvdblznpbpzqu43emfy2dwinlfnkczvwwjwa:
    github.com/filecoin-project/lotus/chain/state.(*StateTree).lookupIDinternal
        /mnt/jenkins/workspace/FIC-Intel-Rel1.2_github/lotus/chain/state/statetree.go:250
  - actor not found
Passwd is not setup
Passwd is not setup
2021-07-13T09:33:39.007Z	[33mWARN[0m	rpc	go-jsonrpc@v0.1.2/handler.go:279	error in RPC call to 'Filecoin.StateGetActor': resolution lookup failed (f3tclkjjyf7aqyae5obcoygsvuqtmzovdxwgmerym7amrw7apjbvdblznpbpzqu43emfy2dwinlfnkczvwwjwa):
    github.com/filecoin-project/lotus/chain/state.(*StateTree).GetActor
        /mnt/jenkins/workspace/FIC-Intel-Rel1.2_github/lotus/chain/state/statetree.go:285
  - resolve address f3tclkjjyf7aqyae5obcoygsvuqtmzovdxwgmerym7amrw7apjbvdblznpbpzqu43emfy2dwinlfnkczvwwjwa:
    github.com/filecoin-project/lotus/chain/state.(*StateTree).lookupIDinternal
        /mnt/jenkins/workspace/FIC-Intel-Rel1.2_github/lotus/chain/state/statetree.go:250
  - actor not found
Passwd is not setup
2021-07-13T09:33:40.179Z	[33mWARN[0m	rpc	go-jsonrpc@v0.1.2/handler.go:279	error in RPC call to 'Filecoin.StateGetActor': resolution lookup failed (f3tclkjjyf7aqyae5obcoygsvuqtmzovdxwgmerym7amrw7apjbvdblznpbpzqu43emfy2dwinlfnkczvwwjwa):
    github.com/filecoin-project/lotus/chain/state.(*StateTree).GetActor
        /mnt/jenkins/workspace/FIC-Intel-Rel1.2_github/lotus/chain/state/statetree.go:285
  - resolve address f3tclkjjyf7aqyae5obcoygsvuqtmzovdxwgmerym7amrw7apjbvdblznpbpzqu43emfy2dwinlfnkczvwwjwa:
    github.com/filecoin-project/lotus/chain/state.(*StateTree).lookupIDinternal
        /mnt/jenkins/workspace/FIC-Intel-Rel1.2_github/lotus/chain/state/statetree.go:250
  - actor not found
Passwd is not setup
2021-07-13T09:33:41.083Z	[33mWARN[0m	rpc	go-jsonrpc@v0.1.2/handler.go:279	error in RPC call to 'Filecoin.StateGetActor': resolution lookup failed (f3tclkjjyf7aqyae5obcoygsvuqtmzovdxwgmerym7amrw7apjbvdblznpbpzqu43emfy2dwinlfnkczvwwjwa):
    github.com/filecoin-project/lotus/chain/state.(*StateTree).GetActor
        /mnt/jenkins/workspace/FIC-Intel-Rel1.2_github/lotus/chain/state/statetree.go:285
  - resolve address f3tclkjjyf7aqyae5obcoygsvuqtmzovdxwgmerym7amrw7apjbvdblznpbpzqu43emfy2dwinlfnkczvwwjwa:
    github.com/filecoin-project/lotus/chain/state.(*StateTree).lookupIDinternal
        /mnt/jenkins/workspace/FIC-Intel-Rel1.2_github/lotus/chain/state/statetree.go:250
  - actor not found
Passwd is not setup
2021-07-13T09:33:41.877Z	[33mWARN[0m	rpc	go-jsonrpc@v0.1.2/handler.go:279	error in RPC call to 'Filecoin.StateGetActor': resolution lookup failed (f3tclkjjyf7aqyae5obcoygsvuqtmzovdxwgmerym7amrw7apjbvdblznpbpzqu43emfy2dwinlfnkczvwwjwa):
    github.com/filecoin-project/lotus/chain/state.(*StateTree).GetActor
        /mnt/jenkins/workspace/FIC-Intel-Rel1.2_github/lotus/chain/state/statetree.go:285
  - resolve address f3tclkjjyf7aqyae5obcoygsvuqtmzovdxwgmerym7amrw7apjbvdblznpbpzqu43emfy2dwinlfnkczvwwjwa:
    github.com/filecoin-project/lotus/chain/state.(*StateTree).lookupIDinternal
        /mnt/jenkins/workspace/FIC-Intel-Rel1.2_github/lotus/chain/state/statetree.go:250
  - actor not found
Passwd is not setup
2021-07-13T09:33:45.439Z	[33mWARN[0m	rpc	go-jsonrpc@v0.1.2/handler.go:279	error in RPC call to 'Filecoin.StateGetActor': resolution lookup failed (f3tclkjjyf7aqyae5obcoygsvuqtmzovdxwgmerym7amrw7apjbvdblznpbpzqu43emfy2dwinlfnkczvwwjwa):
    github.com/filecoin-project/lotus/chain/state.(*StateTree).GetActor
        /mnt/jenkins/workspace/FIC-Intel-Rel1.2_github/lotus/chain/state/statetree.go:285
  - resolve address f3tclkjjyf7aqyae5obcoygsvuqtmzovdxwgmerym7amrw7apjbvdblznpbpzqu43emfy2dwinlfnkczvwwjwa:
    github.com/filecoin-project/lotus/chain/state.(*StateTree).lookupIDinternal
        /mnt/jenkins/workspace/FIC-Intel-Rel1.2_github/lotus/chain/state/statetree.go:250
  - actor not found
Passwd is not setup
2021-07-13T09:33:50.974Z	[33mWARN[0m	rpc	go-jsonrpc@v0.1.2/handler.go:279	error in RPC call to 'Filecoin.StateGetActor': resolution lookup failed (f3tclkjjyf7aqyae5obcoygsvuqtmzovdxwgmerym7amrw7apjbvdblznpbpzqu43emfy2dwinlfnkczvwwjwa):
    github.com/filecoin-project/lotus/chain/state.(*StateTree).GetActor
        /mnt/jenkins/workspace/FIC-Intel-Rel1.2_github/lotus/chain/state/statetree.go:285
  - resolve address f3tclkjjyf7aqyae5obcoygsvuqtmzovdxwgmerym7amrw7apjbvdblznpbpzqu43emfy2dwinlfnkczvwwjwa:
    github.com/filecoin-project/lotus/chain/state.(*StateTree).lookupIDinternal
        /mnt/jenkins/workspace/FIC-Intel-Rel1.2_github/lotus/chain/state/statetree.go:250
  - actor not found
Passwd is not setup
2021-07-13T09:33:53.183Z	[33mWARN[0m	rpc	go-jsonrpc@v0.1.2/handler.go:279	error in RPC call to 'Filecoin.StateGetActor': resolution lookup failed (f3tclkjjyf7aqyae5obcoygsvuqtmzovdxwgmerym7amrw7apjbvdblznpbpzqu43emfy2dwinlfnkczvwwjwa):
    github.com/filecoin-project/lotus/chain/state.(*StateTree).GetActor
        /mnt/jenkins/workspace/FIC-Intel-Rel1.2_github/lotus/chain/state/statetree.go:285
  - resolve address f3tclkjjyf7aqyae5obcoygsvuqtmzovdxwgmerym7amrw7apjbvdblznpbpzqu43emfy2dwinlfnkczvwwjwa:
    github.com/filecoin-project/lotus/chain/state.(*StateTree).lookupIDinternal
        /mnt/jenkins/workspace/FIC-Intel-Rel1.2_github/lotus/chain/state/statetree.go:250
  - actor not found
2021-07-13T09:33:54.656Z	[33mWARN[0m	sub	sub/incoming.go:100	Received block with large delay 774 from miner f01684
Passwd is not setup
2021-07-13T09:33:57.128Z	[33mWARN[0m	rpc	go-jsonrpc@v0.1.2/handler.go:279	error in RPC call to 'Filecoin.StateGetActor': resolution lookup failed (f3tclkjjyf7aqyae5obcoygsvuqtmzovdxwgmerym7amrw7apjbvdblznpbpzqu43emfy2dwinlfnkczvwwjwa):
    github.com/filecoin-project/lotus/chain/state.(*StateTree).GetActor
        /mnt/jenkins/workspace/FIC-Intel-Rel1.2_github/lotus/chain/state/statetree.go:285
  - resolve address f3tclkjjyf7aqyae5obcoygsvuqtmzovdxwgmerym7amrw7apjbvdblznpbpzqu43emfy2dwinlfnkczvwwjwa:
    github.com/filecoin-project/lotus/chain/state.(*StateTree).lookupIDinternal
        /mnt/jenkins/workspace/FIC-Intel-Rel1.2_github/lotus/chain/state/statetree.go:250
  - actor not found
Passwd is not setup
Passwd is not setup
2021-07-13T09:34:17.017Z	[33mWARN[0m	rpc	go-jsonrpc@v0.1.2/handler.go:279	error in RPC call to 'Filecoin.StateLookupID': resolve address f3tclkjjyf7aqyae5obcoygsvuqtmzovdxwgmerym7amrw7apjbvdblznpbpzqu43emfy2dwinlfnkczvwwjwa:
    github.com/filecoin-project/lotus/chain/state.(*StateTree).lookupIDinternal
        /mnt/jenkins/workspace/FIC-Intel-Rel1.2_github/lotus/chain/state/statetree.go:250
  - actor not found
2021-07-13T09:34:42.908Z	[33mWARN[0m	fullnode	full/mpool.go:169	Push from ID address (f0625062), adjusting to f3qnnh5673nis5iinqzw6juuxhkvreikok4jexm3rdwninkik4u2dzrvkh5qj36sg7eudjgrwat3ky3kij6mua
Passwd is not setup
2021-07-13T09:37:45.598Z	[33mWARN[0m	sub	sub/incoming.go:100	Received block with large delay 45 from miner f03643
2021-07-13T09:38:29.783Z	[33mWARN[0m	chain	chain/sync.go:758	Got block from the future, but within threshold1626169110 1626169109
2021-07-13T09:39:00.688Z	[33mWARN[0m	sub	sub/incoming.go:100	Received block with large delay 60 from miner f03643
2021-07-13T09:39:08.085Z	[33mWARN[0m	sub	sub/incoming.go:100	Received block with large delay 8 from miner f02598
2021-07-13T09:39:31.217Z	[33mWARN[0m	chain	chain/sync.go:1418	(fork detected) synced header chain ([bafy2bzacebn7jkkqcjvo3e5ftm3chuczeez6s7aighthgs5gqmjqs7o2wbkp4] - 741149) does not link to our best block ([bafy2bzaceazsmyjisjcj2vb4y5krrgltmaiqxtgsfq4davtbmju2d57ajivue bafy2bzaceag4zkobmb3mldhkrktu6kf6jdlvuzj2zzf3tqv2ja2pd5z6u56xk bafy2bzaceawaqvbcaec2jh7onenxbskkqqztrf5chcqyhxox4by3khocnwwi4] - 741148)
2021-07-13T09:39:31.458Z	[33mWARN[0m	chain	chain/sync.go:1418	(fork detected) synced header chain ([bafy2bzaceafvytoouined4ejtzb4jsdczqh542sbagecrputeus4ec773u4dg] - 741149) does not link to our best block ([bafy2bzaceazsmyjisjcj2vb4y5krrgltmaiqxtgsfq4davtbmju2d57ajivue bafy2bzaceag4zkobmb3mldhkrktu6kf6jdlvuzj2zzf3tqv2ja2pd5z6u56xk bafy2bzaceawaqvbcaec2jh7onenxbskkqqztrf5chcqyhxox4by3khocnwwi4] - 741148)
2021-07-13T09:39:32.051Z	[33mWARN[0m	chain	chain/sync.go:1418	(fork detected) synced header chain ([bafy2bzacecllynm4q2zglknr5f5jgqyax2fqs3owemghhy3cofv6jciskvw5e] - 741149) does not link to our best block ([bafy2bzaceazsmyjisjcj2vb4y5krrgltmaiqxtgsfq4davtbmju2d57ajivue bafy2bzaceag4zkobmb3mldhkrktu6kf6jdlvuzj2zzf3tqv2ja2pd5z6u56xk bafy2bzaceawaqvbcaec2jh7onenxbskkqqztrf5chcqyhxox4by3khocnwwi4] - 741148)
2021-07-13T09:40:20.127Z	[33mWARN[0m	sub	sub/incoming.go:100	Received block with large delay 20 from miner f02930
2021-07-13T09:41:29.941Z	[33mWARN[0m	chain	chain/sync.go:758	Got block from the future, but within threshold1626169290 1626169289
2021-07-13T09:41:48.137Z	[33mWARN[0m	sub	sub/incoming.go:100	Received block with large delay 18 from miner f03643
2021-07-13T09:42:01.434Z	[33mWARN[0m	chain	chain/sync.go:1418	(fork detected) synced header chain ([bafy2bzacecmxjhwghiaeiis4dyyghufbfsgpqje5fbnpu2hlicz327juemufs] - 741154) does not link to our best block ([bafy2bzacebsdunqsyii2qw3kb2ciq2vmh4xldu23uyzne4r7j7467ciu4yany bafy2bzacectfupl2saplna6s35z5zvtoskipskvzikryy4i4hb5uej7qm3jpe bafy2bzacedbnckpjwbjetq5wg6wkgatetyjkwoar2q5c65dcjzapkwhr3h6hs bafy2bzacectm3r6h7ijngobb4elxoi6wjqvzhsazqojgqamlinlyidmaziw3e bafy2bzaceci3hhbl3wh4jhtqzae4zmyrsiqwibummem67cwtk3uzpxu3wuglw bafy2bzacebbzr6mdd34guocatuc7q6j3urszxibhbyfbpd6nnbrw6orkjgnj6 bafy2bzacebypodgnyanvuzufeczroekxewvwx7zy4q3g6xodpy44kexjeztyq bafy2bzaceaxzasv3otj7nf2i5hzlgmop5yfxb3fal3wyrcwfi4np6oazcby74 bafy2bzaced75gunsf5us6ol4eqkwmojaw3c6frxnwvz6be7d4e4wtgpmgmzok bafy2bzacedrsd2yywdndiisqdljlfygshfkg7ihezij5z2j3gcsev636bxazu] - 741153)
2021-07-13T09:42:01.617Z	[33mWARN[0m	chain	chain/sync.go:1418	(fork detected) synced header chain ([bafy2bzacedtptocjhtm3ybbo6cla3xpwiejo4a3x2jkngm5iygn3lyw545fha] - 741154) does not link to our best block ([bafy2bzacebsdunqsyii2qw3kb2ciq2vmh4xldu23uyzne4r7j7467ciu4yany bafy2bzacectfupl2saplna6s35z5zvtoskipskvzikryy4i4hb5uej7qm3jpe bafy2bzacedbnckpjwbjetq5wg6wkgatetyjkwoar2q5c65dcjzapkwhr3h6hs bafy2bzacectm3r6h7ijngobb4elxoi6wjqvzhsazqojgqamlinlyidmaziw3e bafy2bzaceci3hhbl3wh4jhtqzae4zmyrsiqwibummem67cwtk3uzpxu3wuglw bafy2bzacebbzr6mdd34guocatuc7q6j3urszxibhbyfbpd6nnbrw6orkjgnj6 bafy2bzacebypodgnyanvuzufeczroekxewvwx7zy4q3g6xodpy44kexjeztyq bafy2bzaceaxzasv3otj7nf2i5hzlgmop5yfxb3fal3wyrcwfi4np6oazcby74 bafy2bzaced75gunsf5us6ol4eqkwmojaw3c6frxnwvz6be7d4e4wtgpmgmzok bafy2bzacedrsd2yywdndiisqdljlfygshfkg7ihezij5z2j3gcsev636bxazu] - 741153)
2021-07-13T09:42:02.380Z	[33mWARN[0m	chain	chain/sync.go:1418	(fork detected) synced header chain ([bafy2bzacedk4y6qdr4niwtayzpqu7pfoj7clojc4ynl3kf52o3zcj5mbo5hvw] - 741154) does not link to our best block ([bafy2bzacebsdunqsyii2qw3kb2ciq2vmh4xldu23uyzne4r7j7467ciu4yany bafy2bzacectfupl2saplna6s35z5zvtoskipskvzikryy4i4hb5uej7qm3jpe bafy2bzacedbnckpjwbjetq5wg6wkgatetyjkwoar2q5c65dcjzapkwhr3h6hs bafy2bzacectm3r6h7ijngobb4elxoi6wjqvzhsazqojgqamlinlyidmaziw3e bafy2bzaceci3hhbl3wh4jhtqzae4zmyrsiqwibummem67cwtk3uzpxu3wuglw bafy2bzacebbzr6mdd34guocatuc7q6j3urszxibhbyfbpd6nnbrw6orkjgnj6 bafy2bzacebypodgnyanvuzufeczroekxewvwx7zy4q3g6xodpy44kexjeztyq bafy2bzaceaxzasv3otj7nf2i5hzlgmop5yfxb3fal3wyrcwfi4np6oazcby74 bafy2bzaced75gunsf5us6ol4eqkwmojaw3c6frxnwvz6be7d4e4wtgpmgmzok bafy2bzacedrsd2yywdndiisqdljlfygshfkg7ihezij5z2j3gcsev636bxazu] - 741153)
2021-07-13T09:42:03.103Z	[33mWARN[0m	chain	chain/sync.go:1418	(fork detected) synced header chain ([bafy2bzacebjgnemhfe5l7twkrsayvuk6hzfnmokvfp7lvwury6bnqu6tkd7ac] - 741154) does not link to our best block ([bafy2bzacebsdunqsyii2qw3kb2ciq2vmh4xldu23uyzne4r7j7467ciu4yany bafy2bzacectfupl2saplna6s35z5zvtoskipskvzikryy4i4hb5uej7qm3jpe bafy2bzacedbnckpjwbjetq5wg6wkgatetyjkwoar2q5c65dcjzapkwhr3h6hs bafy2bzacectm3r6h7ijngobb4elxoi6wjqvzhsazqojgqamlinlyidmaziw3e bafy2bzaceci3hhbl3wh4jhtqzae4zmyrsiqwibummem67cwtk3uzpxu3wuglw bafy2bzacebbzr6mdd34guocatuc7q6j3urszxibhbyfbpd6nnbrw6orkjgnj6 bafy2bzacebypodgnyanvuzufeczroekxewvwx7zy4q3g6xodpy44kexjeztyq bafy2bzaceaxzasv3otj7nf2i5hzlgmop5yfxb3fal3wyrcwfi4np6oazcby74 bafy2bzaced75gunsf5us6ol4eqkwmojaw3c6frxnwvz6be7d4e4wtgpmgmzok bafy2bzacedrsd2yywdndiisqdljlfygshfkg7ihezij5z2j3gcsev636bxazu] - 741153)
2021-07-13T09:42:31.522Z	[33mWARN[0m	chain	chain/sync.go:1418	(fork detected) synced header chain ([bafy2bzacedfwzdg4zqrequfbwamtp6bkghy3kwktmxlrj4uulbsatm3zz4k6q] - 741155) does not link to our best block ([bafy2bzacecmxjhwghiaeiis4dyyghufbfsgpqje5fbnpu2hlicz327juemufs bafy2bzaceasa6kdtv4usabvgbyi4xaf4qebxp5xr4mtghscbcqbzidki4gbxo bafy2bzacebrubriyy6jx5kchpr2zgmkwdufeld54mj5uctiszdzjipo4imudg bafy2bzacedk4y6qdr4niwtayzpqu7pfoj7clojc4ynl3kf52o3zcj5mbo5hvw bafy2bzacedtptocjhtm3ybbo6cla3xpwiejo4a3x2jkngm5iygn3lyw545fha bafy2bzacebjgnemhfe5l7twkrsayvuk6hzfnmokvfp7lvwury6bnqu6tkd7ac] - 741154)
2021-07-13T09:43:01.114Z	[33mWARN[0m	sub	sub/incoming.go:100	Received block with large delay 31 from miner f03643
2021-07-13T09:46:42.897Z	[33mWARN[0m	sub	sub/incoming.go:100	Received block with large delay 12 from miner f02954
2021-07-13T09:48:27.122Z	[33mWARN[0m	sub	sub/incoming.go:100	Received block with large delay 537 from miner f02505
2021-07-13T09:51:25.990Z	[33mWARN[0m	sub	sub/incoming.go:100	Received block with large delay 25 from miner f02284
2021-07-13T09:51:31.198Z	[33mWARN[0m	chain	chain/sync.go:1418	(fork detected) synced header chain ([bafy2bzaceafdo3zxzdcze65mhnrxg4hbvkgow7gu37obhjgzzt46kyuka6ut6] - 741173) does not link to our best block ([bafy2bzaced53sx7apvagjakyuleei65gwejg3qdlyx6fd5jms2ikzcplfgz64 bafy2bzacecrvxd5lkcnc5igwikxuqbajjflwrzbhtm2e4wsnozr5nq6lplcdi bafy2bzacebm7qyshgmvbhkkpgelsmdpkpsou26363f7uizyaiqcrw3mq62qbu bafy2bzacecxcybmm44fymiqzhlcxnxple4wunxy4efohkp4mphc56qsskn3mk bafy2bzaceacijevbq3cniemzhkkwpxb3hnundfs7fpoyurrnnjietjksbh6mg bafy2bzacea7urnsmp77tu5qviqtaxguqaarc73ejg7mkzcweektj4pz7xx5mi bafy2bzacecm2bqffydrk2fgvyzgvabpwwttgnywtc5gdomcacdxq5pmfkgfy4 bafy2bzaceczb523t6q4clzxbowo4bzucgfbncfxomoc3hqnhsfu5jsrsbs7lm bafy2bzaceakihnhghaisow6bmtt7yz5porxszv4ggbxko5c6c7fa3ytmfwbgo] - 741172)
2021-07-13T09:51:33.627Z	[33mWARN[0m	chain	chain/sync.go:1418	(fork detected) synced header chain ([bafy2bzacebwd4ifhl3ngos2slv6334nut3u4dfjixozpgo237biyrmlxddxka] - 741173) does not link to our best block ([bafy2bzaced53sx7apvagjakyuleei65gwejg3qdlyx6fd5jms2ikzcplfgz64 bafy2bzacecrvxd5lkcnc5igwikxuqbajjflwrzbhtm2e4wsnozr5nq6lplcdi bafy2bzacebm7qyshgmvbhkkpgelsmdpkpsou26363f7uizyaiqcrw3mq62qbu bafy2bzacecxcybmm44fymiqzhlcxnxple4wunxy4efohkp4mphc56qsskn3mk bafy2bzaceacijevbq3cniemzhkkwpxb3hnundfs7fpoyurrnnjietjksbh6mg bafy2bzacea7urnsmp77tu5qviqtaxguqaarc73ejg7mkzcweektj4pz7xx5mi bafy2bzacecm2bqffydrk2fgvyzgvabpwwttgnywtc5gdomcacdxq5pmfkgfy4 bafy2bzaceczb523t6q4clzxbowo4bzucgfbncfxomoc3hqnhsfu5jsrsbs7lm bafy2bzaceakihnhghaisow6bmtt7yz5porxszv4ggbxko5c6c7fa3ytmfwbgo] - 741172)
2021-07-13T09:51:35.241Z	[33mWARN[0m	chain	chain/sync.go:1418	(fork detected) synced header chain ([bafy2bzaceca2j4finhgbml6czbcxm7e7k5vnh2rzc5rhdcqasxsvl6d4w2zz2] - 741173) does not link to our best block ([bafy2bzaced53sx7apvagjakyuleei65gwejg3qdlyx6fd5jms2ikzcplfgz64 bafy2bzacecrvxd5lkcnc5igwikxuqbajjflwrzbhtm2e4wsnozr5nq6lplcdi bafy2bzacebm7qyshgmvbhkkpgelsmdpkpsou26363f7uizyaiqcrw3mq62qbu bafy2bzacecxcybmm44fymiqzhlcxnxple4wunxy4efohkp4mphc56qsskn3mk bafy2bzaceacijevbq3cniemzhkkwpxb3hnundfs7fpoyurrnnjietjksbh6mg bafy2bzacea7urnsmp77tu5qviqtaxguqaarc73ejg7mkzcweektj4pz7xx5mi bafy2bzacecm2bqffydrk2fgvyzgvabpwwttgnywtc5gdomcacdxq5pmfkgfy4 bafy2bzaceczb523t6q4clzxbowo4bzucgfbncfxomoc3hqnhsfu5jsrsbs7lm bafy2bzaceakihnhghaisow6bmtt7yz5porxszv4ggbxko5c6c7fa3ytmfwbgo] - 741172)
2021-07-13T09:51:41.036Z	[33mWARN[0m	sub	sub/incoming.go:100	Received block with large delay 11 from miner f02954
2021-07-13T09:51:52.381Z	[33mWARN[0m	sub	sub/incoming.go:100	Received block with large delay 22 from miner f01959
2021-07-13T09:52:01.189Z	[33mWARN[0m	chain	chain/sync.go:1418	(fork detected) synced header chain ([bafy2bzacebezpduygccgbzskqswyfkpg6y6au5b3xzx3f6zlqo7w4qokw6vqo] - 741174) does not link to our best block ([bafy2bzacebwd4ifhl3ngos2slv6334nut3u4dfjixozpgo237biyrmlxddxka bafy2bzacebjj3apcpk4ddcsa357osolyfwqd5zhaeax5eidwmaspbi5pgycpy bafy2bzaceansa3nvvedcrplfoiongbivnmarmoka6mtuvjv4x35dwg277wtte bafy2bzaceafdo3zxzdcze65mhnrxg4hbvkgow7gu37obhjgzzt46kyuka6ut6 bafy2bzaceca2j4finhgbml6czbcxm7e7k5vnh2rzc5rhdcqasxsvl6d4w2zz2] - 741173)
2021-07-13T09:52:02.400Z	[33mWARN[0m	chain	chain/sync.go:1418	(fork detected) synced header chain ([bafy2bzaceav6ynuwtfnijnwr3ggg6f7yfc5jvg2v3p6uhqtavsph6ursfvdgk] - 741174) does not link to our best block ([bafy2bzacebwd4ifhl3ngos2slv6334nut3u4dfjixozpgo237biyrmlxddxka bafy2bzacebjj3apcpk4ddcsa357osolyfwqd5zhaeax5eidwmaspbi5pgycpy bafy2bzaceansa3nvvedcrplfoiongbivnmarmoka6mtuvjv4x35dwg277wtte bafy2bzaceafdo3zxzdcze65mhnrxg4hbvkgow7gu37obhjgzzt46kyuka6ut6 bafy2bzaceca2j4finhgbml6czbcxm7e7k5vnh2rzc5rhdcqasxsvl6d4w2zz2] - 741173)
2021-07-13T09:52:31.321Z	[33mWARN[0m	chain	chain/sync.go:1418	(fork detected) synced header chain ([bafy2bzacectfoh525zck23jmrqonzcodfbsdbnbkocvujh2zs6sz7ixwvwuna] - 741175) does not link to our best block ([bafy2bzacebezpduygccgbzskqswyfkpg6y6au5b3xzx3f6zlqo7w4qokw6vqo bafy2bzaceak5wvu3rqnjq7jgsg3zjv7vtfng7clq5lsp33dgbmab24xpi3ib2 bafy2bzaceav6ynuwtfnijnwr3ggg6f7yfc5jvg2v3p6uhqtavsph6ursfvdgk] - 741174)
2021-07-13T09:52:32.602Z	[33mWARN[0m	chain	chain/sync.go:1418	(fork detected) synced header chain ([bafy2bzacedyecmlgkwpkibkbvdbvqvoqeuixmgkqniw7m7qirwstyi6wif3su] - 741175) does not link to our best block ([bafy2bzacebezpduygccgbzskqswyfkpg6y6au5b3xzx3f6zlqo7w4qokw6vqo bafy2bzaceak5wvu3rqnjq7jgsg3zjv7vtfng7clq5lsp33dgbmab24xpi3ib2 bafy2bzaceav6ynuwtfnijnwr3ggg6f7yfc5jvg2v3p6uhqtavsph6ursfvdgk] - 741174)
2021-07-13T09:52:39.922Z	[33mWARN[0m	sub	sub/incoming.go:100	Received block with large delay 9 from miner f02919
2021-07-13T09:53:00.095Z	[33mWARN[0m	chain	chain/sync.go:1418	(fork detected) synced header chain ([bafy2bzaceag76mssda6byoxeeeolasgld3mmacd2wc5lna7yqeaqhi5frb7ne] - 741176) does not link to our best block ([bafy2bzacectfoh525zck23jmrqonzcodfbsdbnbkocvujh2zs6sz7ixwvwuna bafy2bzacedyecmlgkwpkibkbvdbvqvoqeuixmgkqniw7m7qirwstyi6wif3su] - 741175)
2021-07-13T09:53:00.207Z	[33mWARN[0m	chain	chain/sync.go:1418	(fork detected) synced header chain ([bafy2bzaceao3ioobr4nfpk5vjrnomr6npgmmpyb4rjxmd55bzb6aykf4bp7ww] - 741176) does not link to our best block ([bafy2bzacectfoh525zck23jmrqonzcodfbsdbnbkocvujh2zs6sz7ixwvwuna bafy2bzacedyecmlgkwpkibkbvdbvqvoqeuixmgkqniw7m7qirwstyi6wif3su] - 741175)
2021-07-13T09:56:08.838Z	[33mWARN[0m	sub	sub/incoming.go:100	Received block with large delay 8 from miner f02954
2021-07-13T09:57:10.201Z	[33mWARN[0m	sub	sub/incoming.go:100	Received block with large delay 10 from miner f01299
2021-07-13T09:57:31.343Z	[33mWARN[0m	chain	chain/sync.go:1418	(fork detected) synced header chain ([bafy2bzacecwexerlqtbi6lgzxoxjga3t5az7ujjihrjszthzmpxhd2lrg47ii] - 741185) does not link to our best block ([bafy2bzaceblvfsjch3dcmy67dzkrcytfc224c7sh2qqugidiubuagjvtrqice bafy2bzacebelecepqfglr7wddgaamuaf7kztdcdsntkuhl5xwlpqkmetewehk bafy2bzacecsbaf33k7f6c555sild5vvwv66k3ddhrcsqs5z36qhbhxpub6mxq bafy2bzacecqpfvh3lru52xvffbbdq37oyrcztjg2pbwn5qgvzbrbb7gz5nwn2] - 741184)
2021-07-13T09:57:31.626Z	[33mWARN[0m	chain	chain/sync.go:1418	(fork detected) synced header chain ([bafy2bzacedad4ad733c7pbrcmd4jwihpkl2vsxckl6lmconwfp5s6qewni3l2] - 741185) does not link to our best block ([bafy2bzaceblvfsjch3dcmy67dzkrcytfc224c7sh2qqugidiubuagjvtrqice bafy2bzacebelecepqfglr7wddgaamuaf7kztdcdsntkuhl5xwlpqkmetewehk bafy2bzacecsbaf33k7f6c555sild5vvwv66k3ddhrcsqs5z36qhbhxpub6mxq bafy2bzacecqpfvh3lru52xvffbbdq37oyrcztjg2pbwn5qgvzbrbb7gz5nwn2] - 741184)
2021-07-13T09:57:40.910Z	[33mWARN[0m	sub	sub/incoming.go:100	Received block with large delay 10 from miner f02919
2021-07-13T09:58:00.137Z	[33mWARN[0m	chain	chain/sync.go:1418	(fork detected) synced header chain ([bafy2bzaceaf7qmd2axy7djpstiyju5vp6njdsqasnrimjeedn77wdxk2atsps] - 741186) does not link to our best block ([bafy2bzacedk4xan5emn2gtqyfmobgpsymz6mu7p5ktv54nscpu6mwalafqcvi bafy2bzacecwexerlqtbi6lgzxoxjga3t5az7ujjihrjszthzmpxhd2lrg47ii bafy2bzacedad4ad733c7pbrcmd4jwihpkl2vsxckl6lmconwfp5s6qewni3l2] - 741185)
2021-07-13T09:58:01.177Z	[33mWARN[0m	chain	chain/sync.go:1418	(fork detected) synced header chain ([bafy2bzacecgcb52z2uxtjnhzmc6dyowlhg4pjct74vgoqqwtlg6mtb62dxt7q] - 741186) does not link to our best block ([bafy2bzacedk4xan5emn2gtqyfmobgpsymz6mu7p5ktv54nscpu6mwalafqcvi bafy2bzacecwexerlqtbi6lgzxoxjga3t5az7ujjihrjszthzmpxhd2lrg47ii bafy2bzacedad4ad733c7pbrcmd4jwihpkl2vsxckl6lmconwfp5s6qewni3l2] - 741185)
2021-07-13T09:58:01.747Z	[33mWARN[0m	chain	chain/sync.go:1418	(fork detected) synced header chain ([bafy2bzacece4uzftaeudi5djfrlgyewefuvkkmahpu5w6crpfhb4zquawykp2] - 741186) does not link to our best block ([bafy2bzacedk4xan5emn2gtqyfmobgpsymz6mu7p5ktv54nscpu6mwalafqcvi bafy2bzacecwexerlqtbi6lgzxoxjga3t5az7ujjihrjszthzmpxhd2lrg47ii bafy2bzacedad4ad733c7pbrcmd4jwihpkl2vsxckl6lmconwfp5s6qewni3l2] - 741185)
2021-07-13T09:58:02.086Z	[33mWARN[0m	chain	chain/sync.go:1418	(fork detected) synced header chain ([bafy2bzacebvvxcabcppbiaxmhuof6uozmwt3gajdy73vnep2zdwxo4eqpj5xo] - 741186) does not link to our best block ([bafy2bzacedk4xan5emn2gtqyfmobgpsymz6mu7p5ktv54nscpu6mwalafqcvi bafy2bzacecwexerlqtbi6lgzxoxjga3t5az7ujjihrjszthzmpxhd2lrg47ii bafy2bzacedad4ad733c7pbrcmd4jwihpkl2vsxckl6lmconwfp5s6qewni3l2] - 741185)
2021-07-13T09:58:35.450Z	[33mWARN[0m	sub	sub/incoming.go:100	Received block with large delay 35 from miner f01125
2021-07-13T09:59:34.414Z	[33mWARN[0m	sub	sub/incoming.go:100	Received block with large delay 154 from miner f02573
2021-07-13T10:00:22.302Z	[33mWARN[0m	sub	sub/incoming.go:100	Received block with large delay 22 from miner f02954
2021-07-13T10:07:42.774Z	[33mWARN[0m	sub	sub/incoming.go:100	Received block with large delay 42 from miner f03643
2021-07-13T10:09:07.224Z	[33mWARN[0m	sub	sub/incoming.go:100	Received block with large delay 7 from miner f03643
2021-07-13T10:09:36.183Z	[33mWARN[0m	sub	sub/incoming.go:100	Received block with large delay 6 from miner f03012
2021-07-13T10:11:31.744Z	[33mWARN[0m	sub	sub/incoming.go:100	Received block with large delay 571 from miner f02925
2021-07-13T10:12:53.693Z	[33mWARN[0m	sub	sub/incoming.go:100	Received block with large delay 23 from miner f03643
2021-07-13T10:13:00.846Z	[33mWARN[0m	chain	chain/sync.go:1418	(fork detected) synced header chain ([bafy2bzaceayodtszsqwkzzwtp6mhvkvfjcitf2o3todvhojqwq37pt7yis43a] - 741216) does not link to our best block ([bafy2bzaceaj4jca5lec4fmo5czscyhm52td4y2pmmkbgryqcjabbkbnngkamy bafy2bzacebhq655t52zm4h3lmezgbnhb5fb2b5rdao5ssqw5nhjxqnezcf3oe bafy2bzaceddcitafta3u5e7tjzq7hgvqwepcstz3p6cbmwpyxlveqhorehcoc bafy2bzacede3dnwd7tlbdmgb42vq2ar6bs64ninj56vw355obemd2z423gig4] - 741215)
2021-07-13T10:14:31.454Z	[33mWARN[0m	sub	sub/incoming.go:100	Received block with large delay 751 from miner f01684
2021-07-13T10:23:21.231Z	[33mWARN[0m	sub	sub/incoming.go:100	Received block with large delay 21 from miner f01299
2021-07-13T10:23:31.463Z	[33mWARN[0m	chain	chain/sync.go:1418	(fork detected) synced header chain ([bafy2bzacedsucek4zleupxre56ltidr32ktk4ouywv6qzlm6krljdam4zr5qg] - 741237) does not link to our best block ([bafy2bzacebxtwv4lcv6oi6bw5irzs5vvznddecd4r2y3mgpcwioqhxidaiq3k bafy2bzacec6jkqtnoyo6mcrgxufyc3mxuvz5ruhqhznlpiy4ncs63staqqygg bafy2bzacea2txobh6pqog2226or6nopv3d4ujjktt6wx7rpbznxlz7ntr2dpy bafy2bzacec4u735wa6ix5vzaswei5lkuspfjvn3q5hsa6dmaoavbvnz7xhx36 bafy2bzacec4lupupml5qkhsmg24wq46lm7uazoraxggkytazdoc22hoy67pya bafy2bzaceckikyh2med3hemj7yeslhzi63rntzwlh3jm72w3lbd63myysbrrw bafy2bzacecervl3imcjv5g2avbeoaxzgiz5bueaema2dbuvu3ltt7no5i6svq bafy2bzacecfxluker4sxnzytigvo5mz42vw4qlkla7ud42c27t4ei2pbied5m] - 741236)
2021-07-13T10:23:31.696Z	[33mWARN[0m	chain	chain/sync.go:1418	(fork detected) synced header chain ([bafy2bzaceavzmzhpiqsfgiqucrfb27ilmif4hknedyt4zxwg3twy4ocfvycpy] - 741237) does not link to our best block ([bafy2bzacebxtwv4lcv6oi6bw5irzs5vvznddecd4r2y3mgpcwioqhxidaiq3k bafy2bzacec6jkqtnoyo6mcrgxufyc3mxuvz5ruhqhznlpiy4ncs63staqqygg bafy2bzacea2txobh6pqog2226or6nopv3d4ujjktt6wx7rpbznxlz7ntr2dpy bafy2bzacec4u735wa6ix5vzaswei5lkuspfjvn3q5hsa6dmaoavbvnz7xhx36 bafy2bzacec4lupupml5qkhsmg24wq46lm7uazoraxggkytazdoc22hoy67pya bafy2bzaceckikyh2med3hemj7yeslhzi63rntzwlh3jm72w3lbd63myysbrrw bafy2bzacecervl3imcjv5g2avbeoaxzgiz5bueaema2dbuvu3ltt7no5i6svq bafy2bzacecfxluker4sxnzytigvo5mz42vw4qlkla7ud42c27t4ei2pbied5m] - 741236)
2021-07-13T10:23:32.088Z	[33mWARN[0m	chain	chain/sync.go:1418	(fork detected) synced header chain ([bafy2bzacecdsdbb5okczibsi5kg3mxhdtvxvwlzurugcr7ehfjsksu4ibxlz4] - 741237) does not link to our best block ([bafy2bzacebxtwv4lcv6oi6bw5irzs5vvznddecd4r2y3mgpcwioqhxidaiq3k bafy2bzacec6jkqtnoyo6mcrgxufyc3mxuvz5ruhqhznlpiy4ncs63staqqygg bafy2bzacea2txobh6pqog2226or6nopv3d4ujjktt6wx7rpbznxlz7ntr2dpy bafy2bzacec4u735wa6ix5vzaswei5lkuspfjvn3q5hsa6dmaoavbvnz7xhx36 bafy2bzacec4lupupml5qkhsmg24wq46lm7uazoraxggkytazdoc22hoy67pya bafy2bzaceckikyh2med3hemj7yeslhzi63rntzwlh3jm72w3lbd63myysbrrw bafy2bzacecervl3imcjv5g2avbeoaxzgiz5bueaema2dbuvu3ltt7no5i6svq bafy2bzacecfxluker4sxnzytigvo5mz42vw4qlkla7ud42c27t4ei2pbied5m] - 741236)
2021-07-13T10:23:36.064Z	[33mWARN[0m	sub	sub/incoming.go:100	Received block with large delay 6 from miner f03005
2021-07-13T10:23:36.088Z	[33mWARN[0m	chain	chain/sync.go:1418	(fork detected) synced header chain ([bafy2bzaceaz4hmqosd5xh7zbaelxcymulfgpdociyvyw5fc6bay5yb5iou7ki] - 741237) does not link to our best block ([bafy2bzacebxtwv4lcv6oi6bw5irzs5vvznddecd4r2y3mgpcwioqhxidaiq3k bafy2bzacec6jkqtnoyo6mcrgxufyc3mxuvz5ruhqhznlpiy4ncs63staqqygg bafy2bzacea2txobh6pqog2226or6nopv3d4ujjktt6wx7rpbznxlz7ntr2dpy bafy2bzacec4u735wa6ix5vzaswei5lkuspfjvn3q5hsa6dmaoavbvnz7xhx36 bafy2bzacec4lupupml5qkhsmg24wq46lm7uazoraxggkytazdoc22hoy67pya bafy2bzaceckikyh2med3hemj7yeslhzi63rntzwlh3jm72w3lbd63myysbrrw bafy2bzacecervl3imcjv5g2avbeoaxzgiz5bueaema2dbuvu3ltt7no5i6svq bafy2bzacecfxluker4sxnzytigvo5mz42vw4qlkla7ud42c27t4ei2pbied5m] - 741236)
2021-07-13T10:24:01.564Z	[33mWARN[0m	chain	chain/sync.go:1418	(fork detected) synced header chain ([bafy2bzacebpvkbtr37ty73k2yf3bd7khm7hnplookjykyfr3zfssdkdtzd37q] - 741238) does not link to our best block ([bafy2bzacedsucek4zleupxre56ltidr32ktk4ouywv6qzlm6krljdam4zr5qg bafy2bzacecdsdbb5okczibsi5kg3mxhdtvxvwlzurugcr7ehfjsksu4ibxlz4 bafy2bzaceaz4hmqosd5xh7zbaelxcymulfgpdociyvyw5fc6bay5yb5iou7ki bafy2bzaceavzmzhpiqsfgiqucrfb27ilmif4hknedyt4zxwg3twy4ocfvycpy] - 741237)
2021-07-13T10:28:36.521Z	[33mWARN[0m	sub	sub/incoming.go:100	Received block with large delay 6 from miner f02954
2021-07-13T10:29:01.668Z	[33mWARN[0m	chain	chain/sync.go:1418	(fork detected) synced header chain ([bafy2bzacec2eejp565atekf2as743exqbcfslhvwhmhctg2bbaeef7h6xihi2] - 741248) does not link to our best block ([bafy2bzaceahtgcvqxfjkqekkwve45ejvtd7wpp7pxpgqelsecxspwbwpmrqja bafy2bzacecp3suvmo4ml7j6rxqs372ymbmu4fr6qgfws5dtchrp6fteel3emq bafy2bzacebj3mp5jd7b3bgnesrvv6acrplmezawy2hlbj2b43zkggipfqeds6] - 741247)
2021-07-13T10:29:01.670Z	[33mWARN[0m	chain	chain/sync.go:1418	(fork detected) synced header chain ([bafy2bzacec5epdv6ijbu5y4zlyiq52zgkmpw77xplzp5zrycwlxjwkei5x2e4] - 741248) does not link to our best block ([bafy2bzaceahtgcvqxfjkqekkwve45ejvtd7wpp7pxpgqelsecxspwbwpmrqja bafy2bzacecp3suvmo4ml7j6rxqs372ymbmu4fr6qgfws5dtchrp6fteel3emq bafy2bzacebj3mp5jd7b3bgnesrvv6acrplmezawy2hlbj2b43zkggipfqeds6] - 741247)
2021-07-13T10:29:02.001Z	[33mWARN[0m	chain	chain/sync.go:1418	(fork detected) synced header chain ([bafy2bzaceb7s2w55pas7iqlrr7cupgqn6mna2ou44cdut7yu7v6a6rmzujhg2] - 741248) does not link to our best block ([bafy2bzaceahtgcvqxfjkqekkwve45ejvtd7wpp7pxpgqelsecxspwbwpmrqja bafy2bzacecp3suvmo4ml7j6rxqs372ymbmu4fr6qgfws5dtchrp6fteel3emq bafy2bzacebj3mp5jd7b3bgnesrvv6acrplmezawy2hlbj2b43zkggipfqeds6] - 741247)
2021-07-13T10:29:02.760Z	[33mWARN[0m	chain	chain/sync.go:1418	(fork detected) synced header chain ([bafy2bzacebqbitwtzwgelwqq2ovu4dohkumj73fpqhnxw6mgdwlcbhhksfgbu] - 741248) does not link to our best block ([bafy2bzaceahtgcvqxfjkqekkwve45ejvtd7wpp7pxpgqelsecxspwbwpmrqja bafy2bzacecp3suvmo4ml7j6rxqs372ymbmu4fr6qgfws5dtchrp6fteel3emq bafy2bzacebj3mp5jd7b3bgnesrvv6acrplmezawy2hlbj2b43zkggipfqeds6] - 741247)
2021-07-13T10:29:07.264Z	[33mWARN[0m	sub	sub/incoming.go:100	Received block with large delay 7 from miner f02954
2021-07-13T10:29:07.290Z	[33mWARN[0m	chain	chain/sync.go:1418	(fork detected) synced header chain ([bafy2bzacecer6llknrdn3doyr2ybitfeweyd34te5hyxjxkoibhfr6oj7eyuq] - 741248) does not link to our best block ([bafy2bzaceb7s2w55pas7iqlrr7cupgqn6mna2ou44cdut7yu7v6a6rmzujhg2 bafy2bzacebqbitwtzwgelwqq2ovu4dohkumj73fpqhnxw6mgdwlcbhhksfgbu bafy2bzacec5epdv6ijbu5y4zlyiq52zgkmpw77xplzp5zrycwlxjwkei5x2e4 bafy2bzacebcdqrkktgmnp6wiy63py4j7std4cw4f5qwwyajzxpczzenvxl3wq] - 741248)
2021-07-13T10:29:07.494Z	[33mWARN[0m	sub	sub/incoming.go:100	Received block with large delay 7 from miner f02159
2021-07-13T10:29:09.134Z	[33mWARN[0m	sub	sub/incoming.go:100	Received block with large delay 9 from miner f01299
2021-07-13T10:29:30.146Z	[33mWARN[0m	chain	chain/sync.go:1418	(fork detected) synced header chain ([bafy2bzacede7tzujwpfgk5do4kiemis3fe3qww7cbkvd7kzsdknygd3iw4fs2] - 741249) does not link to our best block ([bafy2bzaceb7s2w55pas7iqlrr7cupgqn6mna2ou44cdut7yu7v6a6rmzujhg2 bafy2bzacebqbitwtzwgelwqq2ovu4dohkumj73fpqhnxw6mgdwlcbhhksfgbu bafy2bzacec5epdv6ijbu5y4zlyiq52zgkmpw77xplzp5zrycwlxjwkei5x2e4 bafy2bzacebcdqrkktgmnp6wiy63py4j7std4cw4f5qwwyajzxpczzenvxl3wq bafy2bzacec2eejp565atekf2as743exqbcfslhvwhmhctg2bbaeef7h6xihi2] - 741248)
2021-07-13T10:29:31.245Z	[33mWARN[0m	chain	chain/sync.go:1418	(fork detected) synced header chain ([bafy2bzacedlh3xnrmlo4mrprokegsn3324vbjgfkjkvojjxx45aysxruxeuga] - 741249) does not link to our best block ([bafy2bzaceb7s2w55pas7iqlrr7cupgqn6mna2ou44cdut7yu7v6a6rmzujhg2 bafy2bzacebqbitwtzwgelwqq2ovu4dohkumj73fpqhnxw6mgdwlcbhhksfgbu bafy2bzacec5epdv6ijbu5y4zlyiq52zgkmpw77xplzp5zrycwlxjwkei5x2e4 bafy2bzacebcdqrkktgmnp6wiy63py4j7std4cw4f5qwwyajzxpczzenvxl3wq bafy2bzacec2eejp565atekf2as743exqbcfslhvwhmhctg2bbaeef7h6xihi2] - 741248)
2021-07-13T10:29:34.305Z	[33mWARN[0m	sub	sub/incoming.go:100	Received block with large delay 214 from miner f02573
2021-07-13T10:33:53.326Z	[33mWARN[0m	sub	sub/incoming.go:100	Received block with large delay 713 from miner f01684
2021-07-13T10:36:59.806Z	[33mWARN[0m	chain	chain/sync.go:758	Got block from the future, but within threshold1626172620 1626172619
2021-07-13T10:37:46.258Z	[33mWARN[0m	sub	sub/incoming.go:100	Received block with large delay 46 from miner f03643
2021-07-13T10:39:00.575Z	[33mWARN[0m	sub	sub/incoming.go:100	Received block with large delay 60 from miner f03643
2021-07-13T10:39:29.785Z	[33mWARN[0m	chain	chain/sync.go:758	Got block from the future, but within threshold1626172770 1626172769
2021-07-13T10:40:29.786Z	[33mWARN[0m	chain	chain/sync.go:758	Got block from the future, but within threshold1626172830 1626172829
2021-07-13T10:41:44.074Z	[33mWARN[0m	sub	sub/incoming.go:100	Received block with large delay 14 from miner f03643
2021-07-13T10:42:48.201Z	[33mWARN[0m	sub	sub/incoming.go:100	Received block with large delay 18 from miner f03643
2021-07-13T10:43:01.639Z	[33mWARN[0m	chain	chain/sync.go:1418	(fork detected) synced header chain ([bafy2bzacec2pgxvznmqogcn2aebsdbxmhdzplfxj5n2ymmitzvzb7d7dtlukc] - 741276) does not link to our best block ([bafy2bzaceawlny4o2xcz4etwbmpjvsnfhtki7j4ty7h4aiopotjdis4km65i4 bafy2bzacebftjsvxxhr72rlnuhhqrhuyuakhzkfenmza67chbfd7ct5k3277o bafy2bzacechtot56mw5mdm62ulua36xwavel6ptjm2pinvahwf6t3xxsuqciq] - 741275)
2021-07-13T10:43:01.946Z	[33mWARN[0m	chain	chain/sync.go:1418	(fork detected) synced header chain ([bafy2bzaceaypbgzihakkfhzyrsrhddbjznwdgaovsvlfcjguey265qeubhyjm] - 741276) does not link to our best block ([bafy2bzaceawlny4o2xcz4etwbmpjvsnfhtki7j4ty7h4aiopotjdis4km65i4 bafy2bzacebftjsvxxhr72rlnuhhqrhuyuakhzkfenmza67chbfd7ct5k3277o bafy2bzacechtot56mw5mdm62ulua36xwavel6ptjm2pinvahwf6t3xxsuqciq] - 741275)
2021-07-13T10:43:01.948Z	[33mWARN[0m	chain	chain/sync.go:1418	(fork detected) synced header chain ([bafy2bzacecnqoashlkghcqmdye23gzxydjvi2fw5fppdu2wglwpznyuuo3cui] - 741276) does not link to our best block ([bafy2bzaceawlny4o2xcz4etwbmpjvsnfhtki7j4ty7h4aiopotjdis4km65i4 bafy2bzacebftjsvxxhr72rlnuhhqrhuyuakhzkfenmza67chbfd7ct5k3277o bafy2bzacechtot56mw5mdm62ulua36xwavel6ptjm2pinvahwf6t3xxsuqciq] - 741275)
2021-07-13T10:43:59.750Z	[33mWARN[0m	chain	chain/sync.go:758	Got block from the future, but within threshold1626173040 1626173039
2021-07-13T10:50:59.204Z	[33mWARN[0m	sub	sub/incoming.go:100	Received block with large delay 479 from miner f01684
2021-07-13T10:55:39.785Z	[33mWARN[0m	sub	sub/incoming.go:100	Received block with large delay 39 from miner f02954
2021-07-13T10:58:41.722Z	[33mWARN[0m	sub	sub/incoming.go:100	Received block with large delay 11 from miner f02954
2021-07-13T10:59:02.135Z	[33mWARN[0m	chain	chain/sync.go:1418	(fork detected) synced header chain ([bafy2bzacebttokgtnwuegd22wge4vzky7ibur4dip5cgpebejkqs4yrobntae] - 741308) does not link to our best block ([bafy2bzacebtj747tuizahksf4le3zmj4hevxzr6qkqqgoa56h4kdimhaktwyq bafy2bzacecrwlxso6lpm6g3lfkumyyu7bgos4hffnnq7htcsntlsowe6bn2xo bafy2bzacebcg3uzyqz7ooijn4dyezpwtj44lu5sxm7oqi46ck3jd4342nvsd6] - 741307)
2021-07-13T10:59:07.256Z	[33mWARN[0m	sub	sub/incoming.go:100	Received block with large delay 7 from miner f02159
2021-07-13T10:59:09.623Z	[33mWARN[0m	sub	sub/incoming.go:100	Received block with large delay 9 from miner f02894
2021-07-13T10:59:16.925Z	[33mWARN[0m	sub	sub/incoming.go:100	Received block with large delay 16 from miner f01085
2021-07-13T10:59:31.228Z	[33mWARN[0m	chain	chain/sync.go:1418	(fork detected) synced header chain ([bafy2bzaceditnzco7yemoah5mnuy7kgguyq4k2vddbe4q25mppspzto3f6y36] - 741309) does not link to our best block ([bafy2bzacecruwoggp63biu2g3e3vc2nur2i4y4dp5x2nz2pknraquk72gaxya bafy2bzacebykfonm26pkh2zm3zjm4twplveh67vlgbsyuax5drncmtuaa7waq bafy2bzacebttokgtnwuegd22wge4vzky7ibur4dip5cgpebejkqs4yrobntae bafy2bzacea7ni2xkz7o5tv2sajogslpq4z6774fadohvj5esna34q4lcoo7dq bafy2bzaceagtguimzergluwuo75vko5hkxujjztempibvok3fbzjj5o24e2b6] - 741308)
2021-07-13T10:59:31.967Z	[33mWARN[0m	chain	chain/sync.go:1418	(fork detected) synced header chain ([bafy2bzaceaawjbfpesskow7ikdeuivhy56hufbwtz6ewsgyet36hiok37ryxo] - 741309) does not link to our best block ([bafy2bzacecruwoggp63biu2g3e3vc2nur2i4y4dp5x2nz2pknraquk72gaxya bafy2bzacebykfonm26pkh2zm3zjm4twplveh67vlgbsyuax5drncmtuaa7waq bafy2bzacebttokgtnwuegd22wge4vzky7ibur4dip5cgpebejkqs4yrobntae bafy2bzacea7ni2xkz7o5tv2sajogslpq4z6774fadohvj5esna34q4lcoo7dq bafy2bzaceagtguimzergluwuo75vko5hkxujjztempibvok3fbzjj5o24e2b6] - 741308)
2021-07-13T10:59:37.023Z	[33mWARN[0m	sub	sub/incoming.go:100	Received block with large delay 217 from miner f02573
2021-07-13T10:59:53.588Z	[33mWARN[0m	sub	sub/incoming.go:100	Received block with large delay 53 from miner f02954
2021-07-13T11:04:01.922Z	[33mWARN[0m	sub	sub/incoming.go:100	Received block with large delay 691 from miner f01684
2021-07-13T11:07:47.692Z	[33mWARN[0m	sub	sub/incoming.go:100	Received block with large delay 17 from miner f03643
2021-07-13T11:08:01.720Z	[33mWARN[0m	chain	chain/sync.go:1418	(fork detected) synced header chain ([bafy2bzaceclofxamcgavp7hikowe3nrbv4kbuj2iqwrggdynep6kxnzjcsk4w] - 741326) does not link to our best block ([bafy2bzaceadozrx4xnezf73bvyen3yw6l5oxutbt3kwpwp4algesq3tul3tom bafy2bzacebuzz5cpo5mxplkv4uqd262lnpc3ha6oh4m22mhgefdvpvjsushy6 bafy2bzacedysod4p5zr462cd6uvonkam4qnrz5rbcvnlw7e7obkqnndcxgj32] - 741325)
2021-07-13T11:08:01.722Z	[33mWARN[0m	chain	chain/sync.go:1418	(fork detected) synced header chain ([bafy2bzaceazea6h2otvff4snk4dpvpnsqsrea52h463swmkqsddqh64v6d7qa] - 741326) does not link to our best block ([bafy2bzaceadozrx4xnezf73bvyen3yw6l5oxutbt3kwpwp4algesq3tul3tom bafy2bzacebuzz5cpo5mxplkv4uqd262lnpc3ha6oh4m22mhgefdvpvjsushy6 bafy2bzacedysod4p5zr462cd6uvonkam4qnrz5rbcvnlw7e7obkqnndcxgj32] - 741325)
2021-07-13T11:08:01.723Z	[33mWARN[0m	chain	chain/sync.go:1418	(fork detected) synced header chain ([bafy2bzaceaqc5vdxcz3q36nf6ghlyrdi5jl255ofosp3dbaebb4olnonwiww6] - 741326) does not link to our best block ([bafy2bzaceadozrx4xnezf73bvyen3yw6l5oxutbt3kwpwp4algesq3tul3tom bafy2bzacebuzz5cpo5mxplkv4uqd262lnpc3ha6oh4m22mhgefdvpvjsushy6 bafy2bzacedysod4p5zr462cd6uvonkam4qnrz5rbcvnlw7e7obkqnndcxgj32] - 741325)
2021-07-13T11:08:01.993Z	[33mWARN[0m	chain	chain/sync.go:1418	(fork detected) synced header chain ([bafy2bzaceceq2txcbur7cx6brzxql7ke4ojsoxkoy7yd3c4dbhbj5zbjtzkxm] - 741326) does not link to our best block ([bafy2bzaceadozrx4xnezf73bvyen3yw6l5oxutbt3kwpwp4algesq3tul3tom bafy2bzacebuzz5cpo5mxplkv4uqd262lnpc3ha6oh4m22mhgefdvpvjsushy6 bafy2bzacedysod4p5zr462cd6uvonkam4qnrz5rbcvnlw7e7obkqnndcxgj32] - 741325)
2021-07-13T11:08:02.277Z	[33mWARN[0m	chain	chain/sync.go:1418	(fork detected) synced header chain ([bafy2bzaceclpbjl4psrie4wppin2cevobz36anspbfff3virs34biz7tuyo64] - 741326) does not link to our best block ([bafy2bzaceadozrx4xnezf73bvyen3yw6l5oxutbt3kwpwp4algesq3tul3tom bafy2bzacebuzz5cpo5mxplkv4uqd262lnpc3ha6oh4m22mhgefdvpvjsushy6 bafy2bzacedysod4p5zr462cd6uvonkam4qnrz5rbcvnlw7e7obkqnndcxgj32] - 741325)
2021-07-13T11:08:08.444Z	[33mWARN[0m	sub	sub/incoming.go:100	Received block with large delay 8 from miner f01299
2021-07-13T11:08:31.566Z	[33mWARN[0m	chain	chain/sync.go:1418	(fork detected) synced header chain ([bafy2bzaceaacwj2cvz6sp3gnnasgcc76wk334gyejfhb55xse5yqvd6n6hz3k] - 741327) does not link to our best block ([bafy2bzaceclofxamcgavp7hikowe3nrbv4kbuj2iqwrggdynep6kxnzjcsk4w bafy2bzaceavnrnma5s4wzv4w42wnxms4qb6rxda457m6jy7rptpvuw6d3sdka bafy2bzaceceq2txcbur7cx6brzxql7ke4ojsoxkoy7yd3c4dbhbj5zbjtzkxm bafy2bzaceazea6h2otvff4snk4dpvpnsqsrea52h463swmkqsddqh64v6d7qa bafy2bzaceclpbjl4psrie4wppin2cevobz36anspbfff3virs34biz7tuyo64] - 741326)
2021-07-13T11:08:47.014Z	[33mWARN[0m	sub	sub/incoming.go:100	Received block with large delay 137 from miner f02925
2021-07-13T11:08:52.194Z	[33mWARN[0m	sub	sub/incoming.go:100	Received block with large delay 22 from miner f03285
2021-07-13T11:09:02.921Z	[33mWARN[0m	sub	sub/incoming.go:100	Received block with large delay 62 from miner f03643
2021-07-13T11:09:04.480Z	[33mWARN[0m	sub	sub/incoming.go:100	Received block with large delay 34 from miner f02598
2021-07-13T11:09:15.194Z	[33mWARN[0m	sub	sub/incoming.go:100	Received block with large delay 15 from miner f02919
2021-07-13T11:11:07.802Z	[33mWARN[0m	sub	sub/incoming.go:100	Received block with large delay 7 from miner f03643
2021-07-13T11:11:30.351Z	[33mWARN[0m	chain	chain/sync.go:1418	(fork detected) synced header chain ([bafy2bzacebvydbb3ttlgltbrvhckhrcbgasc56shumtgo567cssnjs6graby6] - 741333) does not link to our best block ([bafy2bzaceapu5nvt6vcvimq6isfwidoflf657kiznhfrpce2z6wns3lbaylk4 bafy2bzacecow4j7q6hg5waojzhzasc5i3t4awjnhpjkeihye4v6nu2s4mw2zg] - 741332)
2021-07-13T11:11:31.545Z	[33mWARN[0m	chain	chain/sync.go:1418	(fork detected) synced header chain ([bafy2bzaceb5ot7uwf5uiwhh62qrne2md7benuisff6fjdls5h4xt2voh6wq7i] - 741333) does not link to our best block ([bafy2bzaceapu5nvt6vcvimq6isfwidoflf657kiznhfrpce2z6wns3lbaylk4 bafy2bzacecow4j7q6hg5waojzhzasc5i3t4awjnhpjkeihye4v6nu2s4mw2zg] - 741332)
2021-07-13T11:11:31.650Z	[33mWARN[0m	chain	chain/sync.go:1418	(fork detected) synced header chain ([bafy2bzacecm2kk6qihqptlfjkovta6gm3kbltnlu5dggbxa25laifmvulxmro] - 741333) does not link to our best block ([bafy2bzaceapu5nvt6vcvimq6isfwidoflf657kiznhfrpce2z6wns3lbaylk4 bafy2bzacecow4j7q6hg5waojzhzasc5i3t4awjnhpjkeihye4v6nu2s4mw2zg] - 741332)
2021-07-13T11:11:31.726Z	[33mWARN[0m	chain	chain/sync.go:1418	(fork detected) synced header chain ([bafy2bzaceawbb6nmztum6lduvfnywgn4sbfner3ruzoemynihtv3lu2wcmigq] - 741333) does not link to our best block ([bafy2bzaceapu5nvt6vcvimq6isfwidoflf657kiznhfrpce2z6wns3lbaylk4 bafy2bzacecow4j7q6hg5waojzhzasc5i3t4awjnhpjkeihye4v6nu2s4mw2zg] - 741332)
2021-07-13T11:11:32.551Z	[33mWARN[0m	chain	chain/sync.go:1418	(fork detected) synced header chain ([bafy2bzaceaqfjm2dgv4v4fta3ldzy47eqtb5jdkoqg65cr3k7ldej5xdxe522] - 741333) does not link to our best block ([bafy2bzaceapu5nvt6vcvimq6isfwidoflf657kiznhfrpce2z6wns3lbaylk4 bafy2bzacecow4j7q6hg5waojzhzasc5i3t4awjnhpjkeihye4v6nu2s4mw2zg] - 741332)
2021-07-13T11:11:37.551Z	[33mWARN[0m	chainxchg	exchange/client.go:119	could not send request to peer 12D3KooWEhptW8M7NDR4Um9fgVVck42YoTbHDBE3qF3iLonCkPn9: failed to read chainxchg response: i/o deadline reached
2021-07-13T11:11:55.307Z	[33mWARN[0m	chainxchg	exchange/client.go:119	could not send request to peer 12D3KooWEhptW8M7NDR4Um9fgVVck42YoTbHDBE3qF3iLonCkPn9: failed to read chainxchg response: i/o deadline reached
2021-07-13T11:12:29.859Z	[33mWARN[0m	sub	sub/incoming.go:100	Received block with large delay 29 from miner f03643
2021-07-13T11:14:02.693Z	[33mWARN[0m	sub	sub/incoming.go:100	Received block with large delay 182 from miner f01009
Passwd is not setup
2021-07-13T11:19:59.962Z	[33mWARN[0m	chain	chain/sync.go:758	Got block from the future, but within threshold1626175200 1626175199
